/home/shoxadevv/Desktop/idea_bot/bot.py:1176: PTBUserWarning: If 'per_message=False', 'CallbackQueryHandler' will not be tracked for every message. Read this FAQ entry to learn more about the per_* settings: https://github.com/python-telegram-bot/python-telegram-bot/wiki/Frequently-Asked-Questions#what-do-the-per_-settings-in-conversationhandler-do.
  admin_handler = ConversationHandler(
🤖 Prank Bot ishga tushmoqda...
✅ Bot tayyor! Ishga tushirilmoqda...
Traceback (most recent call last):
  File "/home/shoxadevv/Desktop/idea_bot/venv/lib/python3.12/site-packages/httpx/_transports/default.py", line 66, in map_httpcore_exceptions
    yield
  File "/home/shoxadevv/Desktop/idea_bot/venv/lib/python3.12/site-packages/httpx/_transports/default.py", line 366, in handle_async_request
    resp = await self._pool.handle_async_request(req)
           ^^^^^^^^^^^^^^^^^^^^^^^^^^^^^^^^^^^^^^^^^^
  File "/home/shoxadevv/Desktop/idea_bot/venv/lib/python3.12/site-packages/httpcore/_async/connection_pool.py", line 256, in handle_async_request
    raise exc from None
  File "/home/shoxadevv/Desktop/idea_bot/venv/lib/python3.12/site-packages/httpcore/_async/connection_pool.py", line 236, in handle_async_request
    response = await connection.handle_async_request(
               ^^^^^^^^^^^^^^^^^^^^^^^^^^^^^^^^^^^^^^
  File "/home/shoxadevv/Desktop/idea_bot/venv/lib/python3.12/site-packages/httpcore/_async/connection.py", line 101, in handle_async_request
    raise exc
  File "/home/shoxadevv/Desktop/idea_bot/venv/lib/python3.12/site-packages/httpcore/_async/connection.py", line 78, in handle_async_request
    stream = await self._connect(request)
             ^^^^^^^^^^^^^^^^^^^^^^^^^^^^
  File "/home/shoxadevv/Desktop/idea_bot/venv/lib/python3.12/site-packages/httpcore/_async/connection.py", line 124, in _connect
    stream = await self._network_backend.connect_tcp(**kwargs)
             ^^^^^^^^^^^^^^^^^^^^^^^^^^^^^^^^^^^^^^^^^^^^^^^^^
  File "/home/shoxadevv/Desktop/idea_bot/venv/lib/python3.12/site-packages/httpcore/_backends/auto.py", line 31, in connect_tcp
    return await self._backend.connect_tcp(
           ^^^^^^^^^^^^^^^^^^^^^^^^^^^^^^^^
  File "/home/shoxadevv/Desktop/idea_bot/venv/lib/python3.12/site-packages/httpcore/_backends/anyio.py", line 113, in connect_tcp
    with map_exceptions(exc_map):
  File "/usr/lib/python3.12/contextlib.py", line 158, in __exit__
    self.gen.throw(value)
  File "/home/shoxadevv/Desktop/idea_bot/venv/lib/python3.12/site-packages/httpcore/_exceptions.py", line 14, in map_exceptions
    raise to_exc(exc) from exc
httpcore.ConnectTimeout

The above exception was the direct cause of the following exception:

Traceback (most recent call last):
  File "/home/shoxadevv/Desktop/idea_bot/venv/lib/python3.12/site-packages/telegram/request/_httpxrequest.py", line 268, in do_request
    res = await self._client.request(
          ^^^^^^^^^^^^^^^^^^^^^^^^^^^
  File "/home/shoxadevv/Desktop/idea_bot/venv/lib/python3.12/site-packages/httpx/_client.py", line 1530, in request
    return await self.send(request, auth=auth, follow_redirects=follow_redirects)
           ^^^^^^^^^^^^^^^^^^^^^^^^^^^^^^^^^^^^^^^^^^^^^^^^^^^^^^^^^^^^^^^^^^^^^^
  File "/home/shoxadevv/Desktop/idea_bot/venv/lib/python3.12/site-packages/httpx/_client.py", line 1617, in send
    response = await self._send_handling_auth(
               ^^^^^^^^^^^^^^^^^^^^^^^^^^^^^^^
  File "/home/shoxadevv/Desktop/idea_bot/venv/lib/python3.12/site-packages/httpx/_client.py", line 1645, in _send_handling_auth
    response = await self._send_handling_redirects(
               ^^^^^^^^^^^^^^^^^^^^^^^^^^^^^^^^^^^^
  File "/home/shoxadevv/Desktop/idea_bot/venv/lib/python3.12/site-packages/httpx/_client.py", line 1682, in _send_handling_redirects
    response = await self._send_single_request(request)
               ^^^^^^^^^^^^^^^^^^^^^^^^^^^^^^^^^^^^^^^^
  File "/home/shoxadevv/Desktop/idea_bot/venv/lib/python3.12/site-packages/httpx/_client.py", line 1719, in _send_single_request
    response = await transport.handle_async_request(request)
               ^^^^^^^^^^^^^^^^^^^^^^^^^^^^^^^^^^^^^^^^^^^^^
  File "/home/shoxadevv/Desktop/idea_bot/venv/lib/python3.12/site-packages/httpx/_transports/default.py", line 365, in handle_async_request
    with map_httpcore_exceptions():
  File "/usr/lib/python3.12/contextlib.py", line 158, in __exit__
    self.gen.throw(value)
  File "/home/shoxadevv/Desktop/idea_bot/venv/lib/python3.12/site-packages/httpx/_transports/default.py", line 83, in map_httpcore_exceptions
    raise mapped_exc(message) from exc
httpx.ConnectTimeout

The above exception was the direct cause of the following exception:

Traceback (most recent call last):
  File "/home/shoxadevv/Desktop/idea_bot/bot.py", line 1225, in <module>
    main()
  File "/home/shoxadevv/Desktop/idea_bot/bot.py", line 1221, in main
    app.run_polling(drop_pending_updates=True)
  File "/home/shoxadevv/Desktop/idea_bot/venv/lib/python3.12/site-packages/telegram/ext/_application.py", line 818, in run_polling
    return self.__run(
           ^^^^^^^^^^^
  File "/home/shoxadevv/Desktop/idea_bot/venv/lib/python3.12/site-packages/telegram/ext/_application.py", line 1006, in __run
    raise exc
  File "/home/shoxadevv/Desktop/idea_bot/venv/lib/python3.12/site-packages/telegram/ext/_application.py", line 995, in __run
    loop.run_until_complete(self.initialize())
  File "/usr/lib/python3.12/asyncio/base_events.py", line 687, in run_until_complete
    return future.result()
           ^^^^^^^^^^^^^^^
  File "/home/shoxadevv/Desktop/idea_bot/venv/lib/python3.12/site-packages/telegram/ext/_application.py", line 477, in initialize
    await self.bot.initialize()
  File "/home/shoxadevv/Desktop/idea_bot/venv/lib/python3.12/site-packages/telegram/ext/_extbot.py", line 286, in initialize
    await super().initialize()
  File "/home/shoxadevv/Desktop/idea_bot/venv/lib/python3.12/site-packages/telegram/_bot.py", line 735, in initialize
    await self.get_me()
  File "/home/shoxadevv/Desktop/idea_bot/venv/lib/python3.12/site-packages/telegram/ext/_extbot.py", line 1697, in get_me
    return await super().get_me(
           ^^^^^^^^^^^^^^^^^^^^^
  File "/home/shoxadevv/Desktop/idea_bot/venv/lib/python3.12/site-packages/telegram/_bot.py", line 525, in decorator
    result = await func(self, *args, **kwargs)  # skipcq: PYL-E1102
             ^^^^^^^^^^^^^^^^^^^^^^^^^^^^^^^^^
  File "/home/shoxadevv/Desktop/idea_bot/venv/lib/python3.12/site-packages/telegram/_bot.py", line 775, in get_me
    result = await self._post(
             ^^^^^^^^^^^^^^^^^
  File "/home/shoxadevv/Desktop/idea_bot/venv/lib/python3.12/site-packages/telegram/_bot.py", line 613, in _post
    return await self._do_post(
           ^^^^^^^^^^^^^^^^^^^^
  File "/home/shoxadevv/Desktop/idea_bot/venv/lib/python3.12/site-packages/telegram/ext/_extbot.py", line 340, in _do_post
    return await super()._do_post(
           ^^^^^^^^^^^^^^^^^^^^^^^
  File "/home/shoxadevv/Desktop/idea_bot/venv/lib/python3.12/site-packages/telegram/_bot.py", line 641, in _do_post
    return await request.post(
           ^^^^^^^^^^^^^^^^^^^
  File "/home/shoxadevv/Desktop/idea_bot/venv/lib/python3.12/site-packages/telegram/request/_baserequest.py", line 200, in post
    result = await self._request_wrapper(
             ^^^^^^^^^^^^^^^^^^^^^^^^^^^^
  File "/home/shoxadevv/Desktop/idea_bot/venv/lib/python3.12/site-packages/telegram/request/_baserequest.py", line 340, in _request_wrapper
    raise exc
  File "/home/shoxadevv/Desktop/idea_bot/venv/lib/python3.12/site-packages/telegram/request/_baserequest.py", line 330, in _request_wrapper
    code, payload = await self.do_request(
                    ^^^^^^^^^^^^^^^^^^^^^^
  File "/home/shoxadevv/Desktop/idea_bot/venv/lib/python3.12/site-packages/telegram/request/_httpxrequest.py", line 285, in do_request
    raise TimedOut from err
telegram.error.TimedOut: Timed out
